<?xml version="1.0" encoding="utf-8"?>
<TestRun id="9aa19a47-a5ae-41ac-8d3b-d1aa1036bac9" name="manch@T430 2021-06-06 15:36:44" runUser="T430\manch" xmlns="http://microsoft.com/schemas/VisualStudio/TeamTest/2010">
  <Times creation="2021-06-06T15:36:44.8551262-03:00" queuing="2021-06-06T15:36:44.8551292-03:00" start="2021-06-06T15:36:16.9590794-03:00" finish="2021-06-06T15:39:10.8123031-03:00" />
  <TestSettings name="default" id="d1a6d572-a82a-4059-a08a-feaf0214da89">
    <Deployment runDeploymentRoot="manch_T430_2021-06-06_15_36_44" />
  </TestSettings>
  <Results>
    <UnitTestResult executionId="33981a59-9f71-4f54-853b-e4f9fa7e2788" testId="fbb7d099-33ec-9c3d-9a3c-27e046a0b667" testName="ShouldSeeAlertMessage(&quot;&quot;,&quot;Cel15996995309&quot;,&quot;Opps. Cadê o email?&quot;)" computerName="T430" duration="00:00:18.9357660" startTime="2021-06-06T15:37:06.0000000-03:00" endTime="2021-06-06T15:37:25.0000000-03:00" testType="13cdc9d9-ddb5-4fa4-a97d-d965ccfc6d4b" outcome="Passed" testListId="8c84fa94-04c1-424b-9868-57a2d4851a1d" relativeResultsDirectory="33981a59-9f71-4f54-853b-e4f9fa7e2788">
      <ResultFiles>
        <ResultFile path="T430\0-1004.png" />
      </ResultFiles>
    </UnitTestResult>
    <UnitTestResult executionId="25e7e88e-7fd8-4784-8005-10328fc4c542" testId="9ae4da9f-6abe-ea5a-15b5-f66d2807c562" testName="ShouldSaveMovie" computerName="T430" duration="00:00:19.1725850" startTime="2021-06-06T15:38:24.0000000-03:00" endTime="2021-06-06T15:38:43.0000000-03:00" testType="13cdc9d9-ddb5-4fa4-a97d-d965ccfc6d4b" outcome="Passed" testListId="8c84fa94-04c1-424b-9868-57a2d4851a1d" relativeResultsDirectory="25e7e88e-7fd8-4784-8005-10328fc4c542">
      <ResultFiles>
        <ResultFile path="T430\0-1010.png" />
      </ResultFiles>
    </UnitTestResult>
    <UnitTestResult executionId="912747ab-53ac-434b-b5b5-dea98fbbe4e2" testId="cb89330b-0c80-a6f9-220c-6c663eef755d" testName="ShouldFindMovies" computerName="T430" duration="00:00:08.0608609" startTime="2021-06-06T15:38:52.0000000-03:00" endTime="2021-06-06T15:39:00.0000000-03:00" testType="13cdc9d9-ddb5-4fa4-a97d-d965ccfc6d4b" outcome="Failed" testListId="8c84fa94-04c1-424b-9868-57a2d4851a1d" relativeResultsDirectory="912747ab-53ac-434b-b5b5-dea98fbbe4e2">
      <Output>
        <ErrorInfo>
          <Message>System.IO.DirectoryNotFoundException : Could not find a part of the path '\Data\data.sql'.</Message>
          <StackTrace>   at System.Environment.set_CurrentDirectoryCore(String value)&#xD;
   at System.Environment.set_CurrentDirectory(String value)&#xD;
   at NinjaPlus.Lib.Database.InsertMovies() in C:\qaninja\ninjaplus-net\Lib\Database.cs:line 22&#xD;
   at NinjaPlus.Tests.SearchMovieTests.Before() in C:\qaninja\ninjaplus-net\Tests\SearchMovieTests.cs:line 21</StackTrace>
        </ErrorInfo>
      </Output>
      <ResultFiles>
        <ResultFile path="T430\0-1013.png" />
      </ResultFiles>
    </UnitTestResult>
    <UnitTestResult executionId="ffcd1cb7-2866-4b2f-8e5b-2247487731bc" testId="2e8cb4a1-e28b-4859-9f1d-e7ef089d8fd7" testName="ShouldSeeAlertMessage(&quot;ganzenmuller1997@gmail.com&quot;,&quot;invalid&quot;,&quot;Usuário e/ou senha inválidos&quot;)" computerName="T430" duration="00:00:24.1767980" startTime="2021-06-06T15:36:20.0000000-03:00" endTime="2021-06-06T15:36:44.0000000-03:00" testType="13cdc9d9-ddb5-4fa4-a97d-d965ccfc6d4b" outcome="Passed" testListId="8c84fa94-04c1-424b-9868-57a2d4851a1d" relativeResultsDirectory="ffcd1cb7-2866-4b2f-8e5b-2247487731bc">
      <ResultFiles>
        <ResultFile path="T430\0-1002.png" />
      </ResultFiles>
    </UnitTestResult>
    <UnitTestResult executionId="0e43d4be-3f13-4ca6-b98d-af7241885200" testId="3752640e-fdad-cfad-9af4-3b0bf4c849db" testName="ShouldDisplayNoMoviesFound" computerName="T430" duration="00:00:08.5087300" startTime="2021-06-06T15:38:43.0000000-03:00" endTime="2021-06-06T15:38:52.0000000-03:00" testType="13cdc9d9-ddb5-4fa4-a97d-d965ccfc6d4b" outcome="Failed" testListId="8c84fa94-04c1-424b-9868-57a2d4851a1d" relativeResultsDirectory="0e43d4be-3f13-4ca6-b98d-af7241885200">
      <Output>
        <ErrorInfo>
          <Message>System.IO.DirectoryNotFoundException : Could not find a part of the path '\Data\data.sql'.</Message>
          <StackTrace>   at System.Environment.set_CurrentDirectoryCore(String value)&#xD;
   at System.Environment.set_CurrentDirectory(String value)&#xD;
   at NinjaPlus.Lib.Database.InsertMovies() in C:\qaninja\ninjaplus-net\Lib\Database.cs:line 22&#xD;
   at NinjaPlus.Tests.SearchMovieTests.Before() in C:\qaninja\ninjaplus-net\Tests\SearchMovieTests.cs:line 21</StackTrace>
        </ErrorInfo>
      </Output>
      <ResultFiles>
        <ResultFile path="T430\0-1014.png" />
      </ResultFiles>
    </UnitTestResult>
    <UnitTestResult executionId="3683964c-5311-4fb8-8b72-78f24502e4db" testId="7e213e8b-188b-c423-5e19-e3a32b72d1b4" testName="ShouldBeHaveTitle" computerName="T430" duration="00:00:15.3920430" startTime="2021-06-06T15:38:09.0000000-03:00" endTime="2021-06-06T15:38:24.0000000-03:00" testType="13cdc9d9-ddb5-4fa4-a97d-d965ccfc6d4b" outcome="Passed" testListId="8c84fa94-04c1-424b-9868-57a2d4851a1d" relativeResultsDirectory="3683964c-5311-4fb8-8b72-78f24502e4db">
      <ResultFiles>
        <ResultFile path="T430\0-1008.png" />
      </ResultFiles>
    </UnitTestResult>
    <UnitTestResult executionId="af4edbac-7f28-4624-ad17-dde856290b23" testId="7340e913-9d2a-5f1e-daf1-7d9a92f30586" testName="ShouldSeeAlertMessage(&quot;invalid@gmail.com&quot;,&quot;Cel15996995309&quot;,&quot;Usuário e/ou senha inválidos&quot;)" computerName="T430" duration="00:00:21.8416190" startTime="2021-06-06T15:36:44.0000000-03:00" endTime="2021-06-06T15:37:06.0000000-03:00" testType="13cdc9d9-ddb5-4fa4-a97d-d965ccfc6d4b" outcome="Passed" testListId="8c84fa94-04c1-424b-9868-57a2d4851a1d" relativeResultsDirectory="af4edbac-7f28-4624-ad17-dde856290b23">
      <ResultFiles>
        <ResultFile path="T430\0-1003.png" />
      </ResultFiles>
    </UnitTestResult>
    <UnitTestResult executionId="d816bf7b-9cb8-49f6-823b-82ee816b38e4" testId="802b02be-524c-cf5a-8153-696af31aae41" testName="ShouldSeeLoggedUser" computerName="T430" duration="00:00:25.5120840" startTime="2021-06-06T15:37:43.0000000-03:00" endTime="2021-06-06T15:38:09.0000000-03:00" testType="13cdc9d9-ddb5-4fa4-a97d-d965ccfc6d4b" outcome="Passed" testListId="8c84fa94-04c1-424b-9868-57a2d4851a1d" relativeResultsDirectory="d816bf7b-9cb8-49f6-823b-82ee816b38e4">
      <ResultFiles>
        <ResultFile path="T430\0-1001.png" />
      </ResultFiles>
    </UnitTestResult>
    <UnitTestResult executionId="87cac0f5-de2e-4b3a-9045-cd179900ddd3" testId="5694b3c2-158f-44de-4ca4-bab979df83a4" testName="ShouldFindUniqueMovie" computerName="T430" duration="00:00:10.0626890" startTime="2021-06-06T15:39:00.0000000-03:00" endTime="2021-06-06T15:39:10.0000000-03:00" testType="13cdc9d9-ddb5-4fa4-a97d-d965ccfc6d4b" outcome="Failed" testListId="8c84fa94-04c1-424b-9868-57a2d4851a1d" relativeResultsDirectory="87cac0f5-de2e-4b3a-9045-cd179900ddd3">
      <Output>
        <ErrorInfo>
          <Message>System.IO.DirectoryNotFoundException : Could not find a part of the path '\Data\data.sql'.</Message>
          <StackTrace>   at System.Environment.set_CurrentDirectoryCore(String value)&#xD;
   at System.Environment.set_CurrentDirectory(String value)&#xD;
   at NinjaPlus.Lib.Database.InsertMovies() in C:\qaninja\ninjaplus-net\Lib\Database.cs:line 22&#xD;
   at NinjaPlus.Tests.SearchMovieTests.Before() in C:\qaninja\ninjaplus-net\Tests\SearchMovieTests.cs:line 21</StackTrace>
        </ErrorInfo>
      </Output>
      <ResultFiles>
        <ResultFile path="T430\0-1012.png" />
      </ResultFiles>
    </UnitTestResult>
    <UnitTestResult executionId="9c4be46a-397e-4730-b2d9-12fb7395063c" testId="5bc8453a-2f33-0c98-1e4a-cc5bc0dd9c38" testName="ShouldSeeAlertMessage(&quot;ganzenmuller1997@gmail.com&quot;,&quot;&quot;,&quot;Opps. Cadê a senha?&quot;)" computerName="T430" duration="00:00:18.3431190" startTime="2021-06-06T15:37:25.0000000-03:00" endTime="2021-06-06T15:37:43.0000000-03:00" testType="13cdc9d9-ddb5-4fa4-a97d-d965ccfc6d4b" outcome="Passed" testListId="8c84fa94-04c1-424b-9868-57a2d4851a1d" relativeResultsDirectory="9c4be46a-397e-4730-b2d9-12fb7395063c">
      <ResultFiles>
        <ResultFile path="T430\0-1005.png" />
      </ResultFiles>
    </UnitTestResult>
  </Results>
  <TestDefinitions>
    <UnitTest name="ShouldSeeAlertMessage(&quot;ganzenmuller1997@gmail.com&quot;,&quot;invalid&quot;,&quot;Usuário e/ou senha inválidos&quot;)" storage="c:\qaninja\ninjaplus-net\bin\debug\netcoreapp3.0\ninjaplus-net.dll" id="2e8cb4a1-e28b-4859-9f1d-e7ef089d8fd7">
      <Execution id="ffcd1cb7-2866-4b2f-8e5b-2247487731bc" />
      <TestMethod codeBase="C:\qaninja\ninjaplus-net\bin\Debug\netcoreapp3.0\ninjaplus-net.dll" adapterTypeName="executor://nunit3testexecutor/" className="NinjaPlus.Tests.LoginTests" name="ShouldSeeAlertMessage(&quot;ganzenmuller1997@gmail.com&quot;,&quot;invalid&quot;,&quot;Usuário e/ou senha inválidos&quot;)" />
    </UnitTest>
    <UnitTest name="ShouldFindUniqueMovie" storage="c:\qaninja\ninjaplus-net\bin\debug\netcoreapp3.0\ninjaplus-net.dll" id="5694b3c2-158f-44de-4ca4-bab979df83a4">
      <Execution id="87cac0f5-de2e-4b3a-9045-cd179900ddd3" />
      <TestMethod codeBase="C:\qaninja\ninjaplus-net\bin\Debug\netcoreapp3.0\ninjaplus-net.dll" adapterTypeName="executor://nunit3testexecutor/" className="NinjaPlus.Tests.SearchMovieTests" name="ShouldFindUniqueMovie" />
    </UnitTest>
    <UnitTest name="ShouldSaveMovie" storage="c:\qaninja\ninjaplus-net\bin\debug\netcoreapp3.0\ninjaplus-net.dll" id="9ae4da9f-6abe-ea5a-15b5-f66d2807c562">
      <Execution id="25e7e88e-7fd8-4784-8005-10328fc4c542" />
      <TestMethod codeBase="C:\qaninja\ninjaplus-net\bin\Debug\netcoreapp3.0\ninjaplus-net.dll" adapterTypeName="executor://nunit3testexecutor/" className="NinjaPlus.Tests.SaveMovieTest" name="ShouldSaveMovie" />
    </UnitTest>
    <UnitTest name="ShouldSeeAlertMessage(&quot;ganzenmuller1997@gmail.com&quot;,&quot;&quot;,&quot;Opps. Cadê a senha?&quot;)" storage="c:\qaninja\ninjaplus-net\bin\debug\netcoreapp3.0\ninjaplus-net.dll" id="5bc8453a-2f33-0c98-1e4a-cc5bc0dd9c38">
      <Execution id="9c4be46a-397e-4730-b2d9-12fb7395063c" />
      <TestMethod codeBase="C:\qaninja\ninjaplus-net\bin\Debug\netcoreapp3.0\ninjaplus-net.dll" adapterTypeName="executor://nunit3testexecutor/" className="NinjaPlus.Tests.LoginTests" name="ShouldSeeAlertMessage(&quot;ganzenmuller1997@gmail.com&quot;,&quot;&quot;,&quot;Opps. Cadê a senha?&quot;)" />
    </UnitTest>
    <UnitTest name="ShouldSeeAlertMessage(&quot;invalid@gmail.com&quot;,&quot;Cel15996995309&quot;,&quot;Usuário e/ou senha inválidos&quot;)" storage="c:\qaninja\ninjaplus-net\bin\debug\netcoreapp3.0\ninjaplus-net.dll" id="7340e913-9d2a-5f1e-daf1-7d9a92f30586">
      <Execution id="af4edbac-7f28-4624-ad17-dde856290b23" />
      <TestMethod codeBase="C:\qaninja\ninjaplus-net\bin\Debug\netcoreapp3.0\ninjaplus-net.dll" adapterTypeName="executor://nunit3testexecutor/" className="NinjaPlus.Tests.LoginTests" name="ShouldSeeAlertMessage(&quot;invalid@gmail.com&quot;,&quot;Cel15996995309&quot;,&quot;Usuário e/ou senha inválidos&quot;)" />
    </UnitTest>
    <UnitTest name="ShouldSeeAlertMessage(&quot;&quot;,&quot;Cel15996995309&quot;,&quot;Opps. Cadê o email?&quot;)" storage="c:\qaninja\ninjaplus-net\bin\debug\netcoreapp3.0\ninjaplus-net.dll" id="fbb7d099-33ec-9c3d-9a3c-27e046a0b667">
      <Execution id="33981a59-9f71-4f54-853b-e4f9fa7e2788" />
      <TestMethod codeBase="C:\qaninja\ninjaplus-net\bin\Debug\netcoreapp3.0\ninjaplus-net.dll" adapterTypeName="executor://nunit3testexecutor/" className="NinjaPlus.Tests.LoginTests" name="ShouldSeeAlertMessage(&quot;&quot;,&quot;Cel15996995309&quot;,&quot;Opps. Cadê o email?&quot;)" />
    </UnitTest>
    <UnitTest name="ShouldFindMovies" storage="c:\qaninja\ninjaplus-net\bin\debug\netcoreapp3.0\ninjaplus-net.dll" id="cb89330b-0c80-a6f9-220c-6c663eef755d">
      <Execution id="912747ab-53ac-434b-b5b5-dea98fbbe4e2" />
      <TestMethod codeBase="C:\qaninja\ninjaplus-net\bin\Debug\netcoreapp3.0\ninjaplus-net.dll" adapterTypeName="executor://nunit3testexecutor/" className="NinjaPlus.Tests.SearchMovieTests" name="ShouldFindMovies" />
    </UnitTest>
    <UnitTest name="ShouldDisplayNoMoviesFound" storage="c:\qaninja\ninjaplus-net\bin\debug\netcoreapp3.0\ninjaplus-net.dll" id="3752640e-fdad-cfad-9af4-3b0bf4c849db">
      <Execution id="0e43d4be-3f13-4ca6-b98d-af7241885200" />
      <TestMethod codeBase="C:\qaninja\ninjaplus-net\bin\Debug\netcoreapp3.0\ninjaplus-net.dll" adapterTypeName="executor://nunit3testexecutor/" className="NinjaPlus.Tests.SearchMovieTests" name="ShouldDisplayNoMoviesFound" />
    </UnitTest>
    <UnitTest name="ShouldSeeLoggedUser" storage="c:\qaninja\ninjaplus-net\bin\debug\netcoreapp3.0\ninjaplus-net.dll" id="802b02be-524c-cf5a-8153-696af31aae41">
      <Execution id="d816bf7b-9cb8-49f6-823b-82ee816b38e4" />
      <TestMethod codeBase="C:\qaninja\ninjaplus-net\bin\Debug\netcoreapp3.0\ninjaplus-net.dll" adapterTypeName="executor://nunit3testexecutor/" className="NinjaPlus.Tests.LoginTests" name="ShouldSeeLoggedUser" />
    </UnitTest>
    <UnitTest name="ShouldBeHaveTitle" storage="c:\qaninja\ninjaplus-net\bin\debug\netcoreapp3.0\ninjaplus-net.dll" id="7e213e8b-188b-c423-5e19-e3a32b72d1b4">
      <Execution id="3683964c-5311-4fb8-8b72-78f24502e4db" />
      <TestMethod codeBase="C:\qaninja\ninjaplus-net\bin\Debug\netcoreapp3.0\ninjaplus-net.dll" adapterTypeName="executor://nunit3testexecutor/" className="NinjaPlus.Tests.OnAirTest" name="ShouldBeHaveTitle" />
    </UnitTest>
  </TestDefinitions>
  <TestEntries>
    <TestEntry testId="fbb7d099-33ec-9c3d-9a3c-27e046a0b667" executionId="33981a59-9f71-4f54-853b-e4f9fa7e2788" testListId="8c84fa94-04c1-424b-9868-57a2d4851a1d" />
    <TestEntry testId="9ae4da9f-6abe-ea5a-15b5-f66d2807c562" executionId="25e7e88e-7fd8-4784-8005-10328fc4c542" testListId="8c84fa94-04c1-424b-9868-57a2d4851a1d" />
    <TestEntry testId="cb89330b-0c80-a6f9-220c-6c663eef755d" executionId="912747ab-53ac-434b-b5b5-dea98fbbe4e2" testListId="8c84fa94-04c1-424b-9868-57a2d4851a1d" />
    <TestEntry testId="2e8cb4a1-e28b-4859-9f1d-e7ef089d8fd7" executionId="ffcd1cb7-2866-4b2f-8e5b-2247487731bc" testListId="8c84fa94-04c1-424b-9868-57a2d4851a1d" />
    <TestEntry testId="3752640e-fdad-cfad-9af4-3b0bf4c849db" executionId="0e43d4be-3f13-4ca6-b98d-af7241885200" testListId="8c84fa94-04c1-424b-9868-57a2d4851a1d" />
    <TestEntry testId="7e213e8b-188b-c423-5e19-e3a32b72d1b4" executionId="3683964c-5311-4fb8-8b72-78f24502e4db" testListId="8c84fa94-04c1-424b-9868-57a2d4851a1d" />
    <TestEntry testId="7340e913-9d2a-5f1e-daf1-7d9a92f30586" executionId="af4edbac-7f28-4624-ad17-dde856290b23" testListId="8c84fa94-04c1-424b-9868-57a2d4851a1d" />
    <TestEntry testId="802b02be-524c-cf5a-8153-696af31aae41" executionId="d816bf7b-9cb8-49f6-823b-82ee816b38e4" testListId="8c84fa94-04c1-424b-9868-57a2d4851a1d" />
    <TestEntry testId="5694b3c2-158f-44de-4ca4-bab979df83a4" executionId="87cac0f5-de2e-4b3a-9045-cd179900ddd3" testListId="8c84fa94-04c1-424b-9868-57a2d4851a1d" />
    <TestEntry testId="5bc8453a-2f33-0c98-1e4a-cc5bc0dd9c38" executionId="9c4be46a-397e-4730-b2d9-12fb7395063c" testListId="8c84fa94-04c1-424b-9868-57a2d4851a1d" />
  </TestEntries>
  <TestLists>
    <TestList name="Results Not in a List" id="8c84fa94-04c1-424b-9868-57a2d4851a1d" />
    <TestList name="All Loaded Results" id="19431567-8539-422a-85d7-44ee4e166bda" />
  </TestLists>
  <ResultSummary outcome="Failed">
    <Counters total="10" executed="10" passed="7" failed="3" error="0" timeout="0" aborted="0" inconclusive="0" passedButRunAborted="0" notRunnable="0" notExecuted="0" disconnected="0" warning="0" completed="0" inProgress="0" pending="0" />
    <Output>
      <StdOut>NUnit Adapter 3.13.0.0: Test execution started&#xD;
Running all tests in C:\qaninja\ninjaplus-net\bin\Debug\netcoreapp3.0\ninjaplus-net.dll&#xD;
   NUnit3TestExecutor converted 10 of 10 NUnit test cases&#xD;
NUnit Adapter 3.13.0.0: Test execution complete&#xD;
</StdOut>
    </Output>
  </ResultSummary>
</TestRun>